netweather: 2025/08/03 16:48:53 Application started
netweather: 2025/08/03 16:48:53 No .env file found
netweather: 2025/08/03 16:48:53 Scanning URL: https://code.jquery.com
netweather: 2025/08/03 16:48:53 Fetching URL https://code.jquery.com
netweather: 2025/08/03 16:48:59 Processing script https://code.jquery.com/jquery-3.7.1.min.js
netweather: 2025/08/03 16:48:59 Getting checksum and content for https://code.jquery.com/jquery-3.7.1.min.js
netweather: 2025/08/03 16:48:59 Found script: https://code.jquery.com/jquery-3.7.1.min.js, Checksum: fc9a93dd241f6b045cbff0481cf4e1901becd0e12fb45166a8f17f95823f0b1a
netweather: 2025/08/03 16:48:59 Identified library for https://code.jquery.com/jquery-3.7.1.min.js as: jquery v3.7.1 (context-analysis) [checksum: fc9a93dd241f6b045cbff0481cf4e1901becd0e12fb45166a8f17f95823f0b1a]
netweather: 2025/08/03 16:48:59 Processing script https://releases.jquery.com/wp-content/themes/jquery/js/main.js?v=10baaffd
netweather: 2025/08/03 16:48:59 Getting checksum and content for https://releases.jquery.com/wp-content/themes/jquery/js/main.js?v=10baaffd
netweather: 2025/08/03 16:49:00 Found script: https://releases.jquery.com/wp-content/themes/jquery/js/main.js?v=10baaffd, Checksum: c77c51dad6e40ca4e9772128c9819315c4553ed913e71d2f360368f9c39f78c8
netweather: 2025/08/03 16:49:00 Identified library for https://releases.jquery.com/wp-content/themes/jquery/js/main.js?v=10baaffd as: jquery vunknown (signature-analysis) [checksum: c77c51dad6e40ca4e9772128c9819315c4553ed913e71d2f360368f9c39f78c8]
netweather: 2025/08/03 16:49:00 Processing script https://code.jquery.com/ui/1.13.3/jquery-ui.min.js?ver=6.8.2
netweather: 2025/08/03 16:49:00 Getting checksum and content for https://code.jquery.com/ui/1.13.3/jquery-ui.min.js?ver=6.8.2
netweather: 2025/08/03 16:49:00 Found script: https://code.jquery.com/ui/1.13.3/jquery-ui.min.js?ver=6.8.2, Checksum: b30d2234d5e63896d085816e0bd385da43a50f929029ed72e657c19f80bd4a38
netweather: 2025/08/03 16:49:00 Identified library for https://code.jquery.com/ui/1.13.3/jquery-ui.min.js?ver=6.8.2 as: jquery vunknown (signature-analysis) [checksum: b30d2234d5e63896d085816e0bd385da43a50f929029ed72e657c19f80bd4a38]
netweather: 2025/08/03 16:49:00 Processing script https://releases.jquery.com/wp-content/themes/jquery/js/clipboard-polyfill.js?ver=6.8.2
netweather: 2025/08/03 16:49:00 Getting checksum and content for https://releases.jquery.com/wp-content/themes/jquery/js/clipboard-polyfill.js?ver=6.8.2
netweather: 2025/08/03 16:49:00 Found script: https://releases.jquery.com/wp-content/themes/jquery/js/clipboard-polyfill.js?ver=6.8.2, Checksum: 097a0432c2013c53a2c80f922c1bc3f2ce4d594044a8dc0ec267938c757bfcd1
netweather: 2025/08/03 16:49:00 Warning: Invalid checksum format in entries.db line 24: f1e2d3c4b5a6f7e8d9c0b1a2f3e4d5c6b7a8f9e0d1c2b3a4f5e6d7c8b9a0f1e
netweather: 2025/08/03 16:49:00 Warning: Invalid checksum format in entries.db line 28: a1b2c3d4e5f6a7b8c9d0e1f2a3b4c5d6e7f8a9b0c1d2e3f4a5b6c7d8e9f0a1b
netweather: 2025/08/03 16:49:00 Warning: Invalid checksum format in entries.db line 29: 8d7c6b5a4f3e2d1c0b9a8f7e6d5c4b3a2f1e0d9c8b7a6f5e4d3c2b1a0f9e8d
netweather: 2025/08/03 16:49:00 Warning: Invalid checksum format in entries.db line 33: 7c6b5a4f3e2d1c0b9a8f7e6d5c4b3a2f1e0d9c8b7a6f5e4d3c2b1a0f9e8d7c
netweather: 2025/08/03 16:49:00 Warning: Invalid checksum format in entries.db line 38: 6b5a4f3e2d1c0b9a8f7e6d5c4b3a2f1e0d9c8b7a6f5e4d3c2b1a0f9e8d7c6b
netweather: 2025/08/03 16:49:00 Warning: Invalid checksum format in entries.db line 42: 5a4f3e2d1c0b9a8f7e6d5c4b3a2f1e0d9c8b7a6f5e4d3c2b1a0f9e8d7c6b5a
netweather: 2025/08/03 16:49:00 Warning: Invalid checksum format in entries.db line 47: 4f3e2d1c0b9a8f7e6d5c4b3a2f1e0d9c8b7a6f5e4d3c2b1a0f9e8d7c6b5a4f
netweather: 2025/08/03 16:49:00 Warning: Invalid checksum format in entries.db line 51: 3e2d1c0b9a8f7e6d5c4b3a2f1e0d9c8b7a6f5e4d3c2b1a0f9e8d7c6b5a4f3e
netweather: 2025/08/03 16:49:00 Warning: Invalid checksum format in entries.db line 55: 2d1c0b9a8f7e6d5c4b3a2f1e0d9c8b7a6f5e4d3c2b1a0f9e8d7c6b5a4f3e2d
netweather: 2025/08/03 16:49:00 Warning: Invalid checksum format in entries.db line 59: 1c0b9a8f7e6d5c4b3a2f1e0d9c8b7a6f5e4d3c2b1a0f9e8d7c6b5a4f3e2d1c
netweather: 2025/08/03 16:49:00 Warning: Invalid checksum format in entries.db line 63: e8d7c6b5a4f3e2d1c0b9a8f7e6d5c4b3a2f1e0d9c8b7a6f5e4d3c2b1a0f9e8d7c
netweather: 2025/08/03 16:49:00 Warning: Invalid checksum format in entries.db line 67: a5f4e3d2c1b0a9f8e7d6c5b4a3f2e1d0c9b8a7f6e5d4c3b2a1f0e9d8c7b6a5f4e
netweather: 2025/08/03 16:49:00 Warning: Invalid checksum format in entries.db line 70: f6e5d4c3b2a1f0e9d8c7b6a5f4e3d2c1b0a9f8e7d6c5b4a3f2e1d0c9b8a7f6e5d
netweather: 2025/08/03 16:49:00 Warning: Invalid checksum format in entries.db line 73: d9c8b7a6f5e4d3c2b1a0f9e8d7c6b5a4f3e2d1c0b9a8f7e6d5c4b3a2f1e0d9c8b
netweather: 2025/08/03 16:49:00 Warning: Invalid checksum format in entries.db line 76: b2a1f0e9d8c7b6a5f4e3d2c1b0a9f8e7d6c5b4a3f2e1d0c9b8a7f6e5d4c3b2a1f
netweather: 2025/08/03 16:49:00 Warning: Invalid checksum format in entries.db line 79: c7b6a5f4e3d2c1b0a9f8e7d6c5b4a3f2e1d0c9b8a7f6e5d4c3b2a1f0e9d8c7b6a
netweather: 2025/08/03 16:49:00 Warning: Invalid checksum format in entries.db line 82: 8a7f6e5d4c3b2a1f0e9d8c7b6a5f4e3d2c1b0a9f8e7d6c5b4a3f2e1d0c9b8a7f6e
netweather: 2025/08/03 16:49:00 Warning: Invalid checksum format in entries.db line 85: e4d3c2b1a0f9e8d7c6b5a4f3e2d1c0b9a8f7e6d5c4b3a2f1e0d9c8b7a6f5e4d3c
netweather: 2025/08/03 16:49:00 Warning: Invalid checksum format in entries.db line 88: f1e0d9c8b7a6f5e4d3c2b1a0f9e8d7c6b5a4f3e2d1c0b9a8f7e6d5c4b3a2f1e0d
netweather: 2025/08/03 16:49:00 Loaded 22 entries from local entries.db
netweather: 2025/08/03 16:49:00 Identified library for https://releases.jquery.com/wp-content/themes/jquery/js/clipboard-polyfill.js?ver=6.8.2 as: clipboard-polyfilljsver68 vunknown (unknown) [checksum: 097a0432c2013c53a2c80f922c1bc3f2ce4d594044a8dc0ec267938c757bfcd1]
netweather: 2025/08/03 16:49:00 Processing script https://releases.jquery.com/wp-content/themes/jquery/js/sri-modal.js?ver=6.8.2
netweather: 2025/08/03 16:49:00 Getting checksum and content for https://releases.jquery.com/wp-content/themes/jquery/js/sri-modal.js?ver=6.8.2
netweather: 2025/08/03 16:49:00 Found script: https://releases.jquery.com/wp-content/themes/jquery/js/sri-modal.js?ver=6.8.2, Checksum: 3081e50e6a735840064b1ea622c5ffe30400b198c9f35774061fe4d65ec6573b
netweather: 2025/08/03 16:49:00 Identified library for https://releases.jquery.com/wp-content/themes/jquery/js/sri-modal.js?ver=6.8.2 as: bootstrap vunknown (signature-analysis) [checksum: 3081e50e6a735840064b1ea622c5ffe30400b198c9f35774061fe4d65ec6573b]
netweather: 2025/08/03 16:49:00 Application finished
netweather: 2025/08/03 16:49:04 Application started
netweather: 2025/08/03 16:49:04 Remote database mode enabled
netweather: 2025/08/03 16:49:04 No .env file found
netweather: 2025/08/03 16:49:04 Scanning URL: https://code.jquery.com
netweather: 2025/08/03 16:49:04 Fetching URL https://code.jquery.com
netweather: 2025/08/03 16:49:04 Processing script https://code.jquery.com/jquery-3.7.1.min.js
netweather: 2025/08/03 16:49:04 Getting checksum and content for https://code.jquery.com/jquery-3.7.1.min.js
netweather: 2025/08/03 16:49:04 Found script: https://code.jquery.com/jquery-3.7.1.min.js, Checksum: fc9a93dd241f6b045cbff0481cf4e1901becd0e12fb45166a8f17f95823f0b1a
netweather: 2025/08/03 16:49:04 Identified library for https://code.jquery.com/jquery-3.7.1.min.js as: jquery v3.7.1 (context-analysis) [checksum: fc9a93dd241f6b045cbff0481cf4e1901becd0e12fb45166a8f17f95823f0b1a]
netweather: 2025/08/03 16:49:04 Processing script https://releases.jquery.com/wp-content/themes/jquery/js/main.js?v=10baaffd
netweather: 2025/08/03 16:49:04 Getting checksum and content for https://releases.jquery.com/wp-content/themes/jquery/js/main.js?v=10baaffd
netweather: 2025/08/03 16:49:04 Found script: https://releases.jquery.com/wp-content/themes/jquery/js/main.js?v=10baaffd, Checksum: c77c51dad6e40ca4e9772128c9819315c4553ed913e71d2f360368f9c39f78c8
netweather: 2025/08/03 16:49:04 Identified library for https://releases.jquery.com/wp-content/themes/jquery/js/main.js?v=10baaffd as: jquery vunknown (signature-analysis) [checksum: c77c51dad6e40ca4e9772128c9819315c4553ed913e71d2f360368f9c39f78c8]
netweather: 2025/08/03 16:49:04 Processing script https://code.jquery.com/ui/1.13.3/jquery-ui.min.js?ver=6.8.2
netweather: 2025/08/03 16:49:04 Getting checksum and content for https://code.jquery.com/ui/1.13.3/jquery-ui.min.js?ver=6.8.2
netweather: 2025/08/03 16:49:04 Found script: https://code.jquery.com/ui/1.13.3/jquery-ui.min.js?ver=6.8.2, Checksum: b30d2234d5e63896d085816e0bd385da43a50f929029ed72e657c19f80bd4a38
netweather: 2025/08/03 16:49:04 Identified library for https://code.jquery.com/ui/1.13.3/jquery-ui.min.js?ver=6.8.2 as: jquery vunknown (signature-analysis) [checksum: b30d2234d5e63896d085816e0bd385da43a50f929029ed72e657c19f80bd4a38]
netweather: 2025/08/03 16:49:04 Processing script https://releases.jquery.com/wp-content/themes/jquery/js/clipboard-polyfill.js?ver=6.8.2
netweather: 2025/08/03 16:49:04 Getting checksum and content for https://releases.jquery.com/wp-content/themes/jquery/js/clipboard-polyfill.js?ver=6.8.2
netweather: 2025/08/03 16:49:04 Found script: https://releases.jquery.com/wp-content/themes/jquery/js/clipboard-polyfill.js?ver=6.8.2, Checksum: 097a0432c2013c53a2c80f922c1bc3f2ce4d594044a8dc0ec267938c757bfcd1
netweather: 2025/08/03 16:49:04 Downloading remote entries.db from: https://raw.githubusercontent.com/schmalle/netweather/main/entries.db
netweather: 2025/08/03 16:49:04 Successfully downloaded remote entries.db
netweather: 2025/08/03 16:49:04 Warning: Invalid checksum format in entries.db line 24: f1e2d3c4b5a6f7e8d9c0b1a2f3e4d5c6b7a8f9e0d1c2b3a4f5e6d7c8b9a0f1e
netweather: 2025/08/03 16:49:04 Warning: Invalid checksum format in entries.db line 28: a1b2c3d4e5f6a7b8c9d0e1f2a3b4c5d6e7f8a9b0c1d2e3f4a5b6c7d8e9f0a1b
netweather: 2025/08/03 16:49:04 Warning: Invalid checksum format in entries.db line 29: 8d7c6b5a4f3e2d1c0b9a8f7e6d5c4b3a2f1e0d9c8b7a6f5e4d3c2b1a0f9e8d
netweather: 2025/08/03 16:49:04 Warning: Invalid checksum format in entries.db line 33: 7c6b5a4f3e2d1c0b9a8f7e6d5c4b3a2f1e0d9c8b7a6f5e4d3c2b1a0f9e8d7c
netweather: 2025/08/03 16:49:04 Warning: Invalid checksum format in entries.db line 38: 6b5a4f3e2d1c0b9a8f7e6d5c4b3a2f1e0d9c8b7a6f5e4d3c2b1a0f9e8d7c6b
netweather: 2025/08/03 16:49:04 Warning: Invalid checksum format in entries.db line 42: 5a4f3e2d1c0b9a8f7e6d5c4b3a2f1e0d9c8b7a6f5e4d3c2b1a0f9e8d7c6b5a
netweather: 2025/08/03 16:49:04 Warning: Invalid checksum format in entries.db line 47: 4f3e2d1c0b9a8f7e6d5c4b3a2f1e0d9c8b7a6f5e4d3c2b1a0f9e8d7c6b5a4f
netweather: 2025/08/03 16:49:04 Warning: Invalid checksum format in entries.db line 51: 3e2d1c0b9a8f7e6d5c4b3a2f1e0d9c8b7a6f5e4d3c2b1a0f9e8d7c6b5a4f3e
netweather: 2025/08/03 16:49:04 Warning: Invalid checksum format in entries.db line 55: 2d1c0b9a8f7e6d5c4b3a2f1e0d9c8b7a6f5e4d3c2b1a0f9e8d7c6b5a4f3e2d
netweather: 2025/08/03 16:49:04 Warning: Invalid checksum format in entries.db line 59: 1c0b9a8f7e6d5c4b3a2f1e0d9c8b7a6f5e4d3c2b1a0f9e8d7c6b5a4f3e2d1c
netweather: 2025/08/03 16:49:04 Warning: Invalid checksum format in entries.db line 63: e8d7c6b5a4f3e2d1c0b9a8f7e6d5c4b3a2f1e0d9c8b7a6f5e4d3c2b1a0f9e8d7c
netweather: 2025/08/03 16:49:04 Warning: Invalid checksum format in entries.db line 67: a5f4e3d2c1b0a9f8e7d6c5b4a3f2e1d0c9b8a7f6e5d4c3b2a1f0e9d8c7b6a5f4e
netweather: 2025/08/03 16:49:04 Warning: Invalid checksum format in entries.db line 70: f6e5d4c3b2a1f0e9d8c7b6a5f4e3d2c1b0a9f8e7d6c5b4a3f2e1d0c9b8a7f6e5d
netweather: 2025/08/03 16:49:04 Warning: Invalid checksum format in entries.db line 73: d9c8b7a6f5e4d3c2b1a0f9e8d7c6b5a4f3e2d1c0b9a8f7e6d5c4b3a2f1e0d9c8b
netweather: 2025/08/03 16:49:04 Warning: Invalid checksum format in entries.db line 76: b2a1f0e9d8c7b6a5f4e3d2c1b0a9f8e7d6c5b4a3f2e1d0c9b8a7f6e5d4c3b2a1f
netweather: 2025/08/03 16:49:04 Warning: Invalid checksum format in entries.db line 79: c7b6a5f4e3d2c1b0a9f8e7d6c5b4a3f2e1d0c9b8a7f6e5d4c3b2a1f0e9d8c7b6a
netweather: 2025/08/03 16:49:04 Warning: Invalid checksum format in entries.db line 82: 8a7f6e5d4c3b2a1f0e9d8c7b6a5f4e3d2c1b0a9f8e7d6c5b4a3f2e1d0c9b8a7f6e
netweather: 2025/08/03 16:49:04 Warning: Invalid checksum format in entries.db line 85: e4d3c2b1a0f9e8d7c6b5a4f3e2d1c0b9a8f7e6d5c4b3a2f1e0d9c8b7a6f5e4d3c
netweather: 2025/08/03 16:49:04 Warning: Invalid checksum format in entries.db line 88: f1e0d9c8b7a6f5e4d3c2b1a0f9e8d7c6b5a4f3e2d1c0b9a8f7e6d5c4b3a2f1e0d
netweather: 2025/08/03 16:49:04 Loaded 22 entries from remote entries.db
netweather: 2025/08/03 16:49:04 Identified library for https://releases.jquery.com/wp-content/themes/jquery/js/clipboard-polyfill.js?ver=6.8.2 as: clipboard-polyfilljsver68 vunknown (unknown) [checksum: 097a0432c2013c53a2c80f922c1bc3f2ce4d594044a8dc0ec267938c757bfcd1]
netweather: 2025/08/03 16:49:04 Processing script https://releases.jquery.com/wp-content/themes/jquery/js/sri-modal.js?ver=6.8.2
netweather: 2025/08/03 16:49:04 Getting checksum and content for https://releases.jquery.com/wp-content/themes/jquery/js/sri-modal.js?ver=6.8.2
netweather: 2025/08/03 16:49:04 Found script: https://releases.jquery.com/wp-content/themes/jquery/js/sri-modal.js?ver=6.8.2, Checksum: 3081e50e6a735840064b1ea622c5ffe30400b198c9f35774061fe4d65ec6573b
netweather: 2025/08/03 16:49:04 Identified library for https://releases.jquery.com/wp-content/themes/jquery/js/sri-modal.js?ver=6.8.2 as: bootstrap vunknown (signature-analysis) [checksum: 3081e50e6a735840064b1ea622c5ffe30400b198c9f35774061fe4d65ec6573b]
netweather: 2025/08/03 16:49:04 Application finished
netweather: 2025/08/03 16:49:30 Application started
netweather: 2025/08/03 16:49:30 No .env file found
netweather: 2025/08/03 16:49:30 Database user and name must be provided via command line or environment variables
netweather: 2025/08/03 16:49:30 Application started
netweather: 2025/08/03 16:49:30 No .env file found
netweather: 2025/08/03 16:49:30 Scanning URL: http://google.com
netweather: 2025/08/03 16:49:30 Fetching URL http://google.com
netweather: 2025/08/03 16:49:30 Scanning URL: https://www.github.com
netweather: 2025/08/03 16:49:30 Fetching URL https://www.github.com
netweather: 2025/08/03 16:49:30 Processing script https://github.githubassets.com/assets/high-contrast-cookie-84a1cb087855.js
netweather: 2025/08/03 16:49:30 Getting checksum and content for https://github.githubassets.com/assets/high-contrast-cookie-84a1cb087855.js
netweather: 2025/08/03 16:49:30 Found script: https://github.githubassets.com/assets/high-contrast-cookie-84a1cb087855.js, Checksum: 3c6c82f04d2163aade32d2eff5f8fd1003bc4395fee546e9b2d49c906b9d9651
netweather: 2025/08/03 16:49:30 Identified library for https://github.githubassets.com/assets/high-contrast-cookie-84a1cb087855.js as: high vgithub-hosted (url-pattern) [checksum: 3c6c82f04d2163aade32d2eff5f8fd1003bc4395fee546e9b2d49c906b9d9651]
netweather: 2025/08/03 16:49:30 Processing script https://github.githubassets.com/assets/wp-runtime-41f74a33a478.js
netweather: 2025/08/03 16:49:30 Getting checksum and content for https://github.githubassets.com/assets/wp-runtime-41f74a33a478.js
netweather: 2025/08/03 16:49:30 Found script: https://github.githubassets.com/assets/wp-runtime-41f74a33a478.js, Checksum: 0ca463db5f806c4938bee81fe563164062bdaf5a9d47ab704ee2987f404f2a5b
netweather: 2025/08/03 16:49:30 Identified library for https://github.githubassets.com/assets/wp-runtime-41f74a33a478.js as: wp vgithub-hosted (url-pattern) [checksum: 0ca463db5f806c4938bee81fe563164062bdaf5a9d47ab704ee2987f404f2a5b]
netweather: 2025/08/03 16:49:30 Processing script https://github.githubassets.com/assets/vendors-node_modules_oddbird_popover-polyfill_dist_popover-fn_js-a8c266e5f126.js
netweather: 2025/08/03 16:49:30 Getting checksum and content for https://github.githubassets.com/assets/vendors-node_modules_oddbird_popover-polyfill_dist_popover-fn_js-a8c266e5f126.js
netweather: 2025/08/03 16:49:30 Found script: https://github.githubassets.com/assets/vendors-node_modules_oddbird_popover-polyfill_dist_popover-fn_js-a8c266e5f126.js, Checksum: 6907b817c95f93aea5c5b972bc9415ad135061a09453aad205f5e1c1d9654161
netweather: 2025/08/03 16:49:30 Identified library for https://github.githubassets.com/assets/vendors-node_modules_oddbird_popover-polyfill_dist_popover-fn_js-a8c266e5f126.js as: vendors vgithub-hosted (url-pattern) [checksum: 6907b817c95f93aea5c5b972bc9415ad135061a09453aad205f5e1c1d9654161]
netweather: 2025/08/03 16:49:30 Processing script https://github.githubassets.com/assets/vendors-node_modules_github_mini-throttle_dist_index_js-node_modules_stacktrace-parser_dist_s-1d3d52-babac9434833.js
netweather: 2025/08/03 16:49:30 Getting checksum and content for https://github.githubassets.com/assets/vendors-node_modules_github_mini-throttle_dist_index_js-node_modules_stacktrace-parser_dist_s-1d3d52-babac9434833.js
netweather: 2025/08/03 16:49:30 Found script: https://github.githubassets.com/assets/vendors-node_modules_github_mini-throttle_dist_index_js-node_modules_stacktrace-parser_dist_s-1d3d52-babac9434833.js, Checksum: c24b2bba2bdfc3c339ecdaf80820e08d2ebf65aab0e5c1faa0157c836d24faff
netweather: 2025/08/03 16:49:30 Identified library for https://github.githubassets.com/assets/vendors-node_modules_github_mini-throttle_dist_index_js-node_modules_stacktrace-parser_dist_s-1d3d52-babac9434833.js as: vendors vgithub-hosted (url-pattern) [checksum: c24b2bba2bdfc3c339ecdaf80820e08d2ebf65aab0e5c1faa0157c836d24faff]
netweather: 2025/08/03 16:49:30 Processing script https://github.githubassets.com/assets/ui_packages_failbot_failbot_ts-992dcf80dabf.js
netweather: 2025/08/03 16:49:30 Getting checksum and content for https://github.githubassets.com/assets/ui_packages_failbot_failbot_ts-992dcf80dabf.js
netweather: 2025/08/03 16:49:30 Found script: https://github.githubassets.com/assets/ui_packages_failbot_failbot_ts-992dcf80dabf.js, Checksum: 61a102b09008a1e21516613adf78b642ab8cabfa0c2578e56ea0c8af4b3b29fe
netweather: 2025/08/03 16:49:30 Identified library for https://github.githubassets.com/assets/ui_packages_failbot_failbot_ts-992dcf80dabf.js as: ui-packages-failbot-failbot-ts vgithub-hosted (url-pattern) [checksum: 61a102b09008a1e21516613adf78b642ab8cabfa0c2578e56ea0c8af4b3b29fe]
netweather: 2025/08/03 16:49:30 Processing script https://github.githubassets.com/assets/environment-17084f3f370f.js
netweather: 2025/08/03 16:49:30 Getting checksum and content for https://github.githubassets.com/assets/environment-17084f3f370f.js
netweather: 2025/08/03 16:49:30 Found script: https://github.githubassets.com/assets/environment-17084f3f370f.js, Checksum: 0897a62caad9da400dde84564bb6a08d1a219ee81d6e85a98cbb04942d11138a
netweather: 2025/08/03 16:49:30 Identified library for https://github.githubassets.com/assets/environment-17084f3f370f.js as: environment vgithub-hosted (url-pattern) [checksum: 0897a62caad9da400dde84564bb6a08d1a219ee81d6e85a98cbb04942d11138a]
netweather: 2025/08/03 16:49:30 Processing script https://github.githubassets.com/assets/vendors-node_modules_primer_behaviors_dist_esm_index_mjs-c44edfed7f0d.js
netweather: 2025/08/03 16:49:30 Getting checksum and content for https://github.githubassets.com/assets/vendors-node_modules_primer_behaviors_dist_esm_index_mjs-c44edfed7f0d.js
netweather: 2025/08/03 16:49:30 Found script: https://github.githubassets.com/assets/vendors-node_modules_primer_behaviors_dist_esm_index_mjs-c44edfed7f0d.js, Checksum: bde9e063ae399c9201ae143c8cc2a58eb3c7542436c4681f5eb068c7540daa14
netweather: 2025/08/03 16:49:30 Identified library for https://github.githubassets.com/assets/vendors-node_modules_primer_behaviors_dist_esm_index_mjs-c44edfed7f0d.js as: vendors vgithub-hosted (url-pattern) [checksum: bde9e063ae399c9201ae143c8cc2a58eb3c7542436c4681f5eb068c7540daa14]
netweather: 2025/08/03 16:49:30 Processing script https://github.githubassets.com/assets/vendors-node_modules_github_selector-observer_dist_index_esm_js-cdf2757bd188.js
netweather: 2025/08/03 16:49:30 Getting checksum and content for https://github.githubassets.com/assets/vendors-node_modules_github_selector-observer_dist_index_esm_js-cdf2757bd188.js
netweather: 2025/08/03 16:49:30 Found script: https://github.githubassets.com/assets/vendors-node_modules_github_selector-observer_dist_index_esm_js-cdf2757bd188.js, Checksum: 149d6e0b1a99817fcbd0a3c1fa35a76ad952b3878a00edb78569542ca546386c
netweather: 2025/08/03 16:49:30 Identified library for https://github.githubassets.com/assets/vendors-node_modules_github_selector-observer_dist_index_esm_js-cdf2757bd188.js as: vendors vgithub-hosted (url-pattern) [checksum: 149d6e0b1a99817fcbd0a3c1fa35a76ad952b3878a00edb78569542ca546386c]
netweather: 2025/08/03 16:49:30 Processing script https://github.githubassets.com/assets/vendors-node_modules_github_relative-time-element_dist_index_js-5913bc24f35d.js
netweather: 2025/08/03 16:49:30 Getting checksum and content for https://github.githubassets.com/assets/vendors-node_modules_github_relative-time-element_dist_index_js-5913bc24f35d.js
netweather: 2025/08/03 16:49:30 Found script: https://github.githubassets.com/assets/vendors-node_modules_github_relative-time-element_dist_index_js-5913bc24f35d.js, Checksum: 52b872d37e10b5f2a9bc99f072c5d0c215a05b9dd440b407028ea3f5ea6d9220
netweather: 2025/08/03 16:49:30 Identified library for https://github.githubassets.com/assets/vendors-node_modules_github_relative-time-element_dist_index_js-5913bc24f35d.js as: vendors vgithub-hosted (url-pattern) [checksum: 52b872d37e10b5f2a9bc99f072c5d0c215a05b9dd440b407028ea3f5ea6d9220]
netweather: 2025/08/03 16:49:30 Processing script https://github.githubassets.com/assets/vendors-node_modules_github_auto-complete-element_dist_index_js-node_modules_github_catalyst_-8e9f78-c1e2fb329866.js
netweather: 2025/08/03 16:49:30 Getting checksum and content for https://github.githubassets.com/assets/vendors-node_modules_github_auto-complete-element_dist_index_js-node_modules_github_catalyst_-8e9f78-c1e2fb329866.js
netweather: 2025/08/03 16:49:30 Found script: https://github.githubassets.com/assets/vendors-node_modules_github_auto-complete-element_dist_index_js-node_modules_github_catalyst_-8e9f78-c1e2fb329866.js, Checksum: 88d25db7de8cc361dc52c2dd2dfc7abc0ade8ed6ccc47a1dfe2dddab42fe3756
netweather: 2025/08/03 16:49:30 Identified library for https://github.githubassets.com/assets/vendors-node_modules_github_auto-complete-element_dist_index_js-node_modules_github_catalyst_-8e9f78-c1e2fb329866.js as: vendors vgithub-hosted (url-pattern) [checksum: 88d25db7de8cc361dc52c2dd2dfc7abc0ade8ed6ccc47a1dfe2dddab42fe3756]
netweather: 2025/08/03 16:49:30 Processing script https://github.githubassets.com/assets/vendors-node_modules_github_text-expander-element_dist_index_js-e50fb7a5fe8c.js
netweather: 2025/08/03 16:49:30 Getting checksum and content for https://github.githubassets.com/assets/vendors-node_modules_github_text-expander-element_dist_index_js-e50fb7a5fe8c.js
netweather: 2025/08/03 16:49:30 Found script: https://github.githubassets.com/assets/vendors-node_modules_github_text-expander-element_dist_index_js-e50fb7a5fe8c.js, Checksum: c3bee0bfc7c8a957e7f3ee817a84ffa12936eeed8c3ba273db84fd03f99b5d07
netweather: 2025/08/03 16:49:30 Identified library for https://github.githubassets.com/assets/vendors-node_modules_github_text-expander-element_dist_index_js-e50fb7a5fe8c.js as: vendors vgithub-hosted (url-pattern) [checksum: c3bee0bfc7c8a957e7f3ee817a84ffa12936eeed8c3ba273db84fd03f99b5d07]
netweather: 2025/08/03 16:49:30 Processing script https://github.githubassets.com/assets/vendors-node_modules_github_filter-input-element_dist_index_js-node_modules_github_remote-inp-b5f1d7-514a92c925f0.js
netweather: 2025/08/03 16:49:30 Getting checksum and content for https://github.githubassets.com/assets/vendors-node_modules_github_filter-input-element_dist_index_js-node_modules_github_remote-inp-b5f1d7-514a92c925f0.js
netweather: 2025/08/03 16:49:30 Found script: https://github.githubassets.com/assets/vendors-node_modules_github_filter-input-element_dist_index_js-node_modules_github_remote-inp-b5f1d7-514a92c925f0.js, Checksum: 95959bb0acc7841793a9ae0374afc0ce810b7342a011ccfc7fa3ee335ef97f90
netweather: 2025/08/03 16:49:30 Identified library for https://github.githubassets.com/assets/vendors-node_modules_github_filter-input-element_dist_index_js-node_modules_github_remote-inp-b5f1d7-514a92c925f0.js as: vendors vgithub-hosted (url-pattern) [checksum: 95959bb0acc7841793a9ae0374afc0ce810b7342a011ccfc7fa3ee335ef97f90]
netweather: 2025/08/03 16:49:30 Processing script https://github.githubassets.com/assets/vendors-node_modules_github_markdown-toolbar-element_dist_index_js-6a8c7d9a08fe.js
netweather: 2025/08/03 16:49:30 Getting checksum and content for https://github.githubassets.com/assets/vendors-node_modules_github_markdown-toolbar-element_dist_index_js-6a8c7d9a08fe.js
netweather: 2025/08/03 16:49:30 Found script: https://github.githubassets.com/assets/vendors-node_modules_github_markdown-toolbar-element_dist_index_js-6a8c7d9a08fe.js, Checksum: 9c11784b1e0bf006b03e99d3dd7157322c423652d3d91ee6675a619d7d9f0213
netweather: 2025/08/03 16:49:30 Identified library for https://github.githubassets.com/assets/vendors-node_modules_github_markdown-toolbar-element_dist_index_js-6a8c7d9a08fe.js as: vendors vgithub-hosted (url-pattern) [checksum: 9c11784b1e0bf006b03e99d3dd7157322c423652d3d91ee6675a619d7d9f0213]
netweather: 2025/08/03 16:49:30 Processing script https://github.githubassets.com/assets/vendors-node_modules_github_file-attachment-element_dist_index_js-node_modules_primer_view-co-f03a40-c631b99b0f08.js
netweather: 2025/08/03 16:49:30 Getting checksum and content for https://github.githubassets.com/assets/vendors-node_modules_github_file-attachment-element_dist_index_js-node_modules_primer_view-co-f03a40-c631b99b0f08.js
netweather: 2025/08/03 16:49:30 Found script: https://github.githubassets.com/assets/vendors-node_modules_github_file-attachment-element_dist_index_js-node_modules_primer_view-co-f03a40-c631b99b0f08.js, Checksum: e6b75feec79737858abf0a05eeb16494c5595c0115c79eab3d779f88d10242d5
netweather: 2025/08/03 16:49:30 Identified library for https://github.githubassets.com/assets/vendors-node_modules_github_file-attachment-element_dist_index_js-node_modules_primer_view-co-f03a40-c631b99b0f08.js as: vendors vgithub-hosted (url-pattern) [checksum: e6b75feec79737858abf0a05eeb16494c5595c0115c79eab3d779f88d10242d5]
netweather: 2025/08/03 16:49:30 Processing script https://github.githubassets.com/assets/github-elements-6f8fcdbbf55a.js
netweather: 2025/08/03 16:49:30 Getting checksum and content for https://github.githubassets.com/assets/github-elements-6f8fcdbbf55a.js
netweather: 2025/08/03 16:49:30 Found script: https://github.githubassets.com/assets/github-elements-6f8fcdbbf55a.js, Checksum: dee4ef7b1e745150e90ebe550cf84628040316925cb3a40b1f4a22e80ae88e99
netweather: 2025/08/03 16:49:30 Identified library for https://github.githubassets.com/assets/github-elements-6f8fcdbbf55a.js as: github vgithub-hosted (url-pattern) [checksum: dee4ef7b1e745150e90ebe550cf84628040316925cb3a40b1f4a22e80ae88e99]
netweather: 2025/08/03 16:49:30 Processing script https://github.githubassets.com/assets/element-registry-fa295cd1df7e.js
netweather: 2025/08/03 16:49:30 Getting checksum and content for https://github.githubassets.com/assets/element-registry-fa295cd1df7e.js
netweather: 2025/08/03 16:49:30 Found script: https://github.githubassets.com/assets/element-registry-fa295cd1df7e.js, Checksum: 5fdf0bea0f6fc1c4a99ecaba9ecdb98ad04e7ead4f92381e295156b9063d5c4d
netweather: 2025/08/03 16:49:30 Identified library for https://github.githubassets.com/assets/element-registry-fa295cd1df7e.js as: element vgithub-hosted (url-pattern) [checksum: 5fdf0bea0f6fc1c4a99ecaba9ecdb98ad04e7ead4f92381e295156b9063d5c4d]
netweather: 2025/08/03 16:49:30 Processing script https://github.githubassets.com/assets/vendors-node_modules_braintree_browser-detection_dist_browser-detection_js-node_modules_githu-bb80ec-34c4b68b1dd3.js
netweather: 2025/08/03 16:49:30 Getting checksum and content for https://github.githubassets.com/assets/vendors-node_modules_braintree_browser-detection_dist_browser-detection_js-node_modules_githu-bb80ec-34c4b68b1dd3.js
netweather: 2025/08/03 16:49:30 Found script: https://github.githubassets.com/assets/vendors-node_modules_braintree_browser-detection_dist_browser-detection_js-node_modules_githu-bb80ec-34c4b68b1dd3.js, Checksum: 46c0ce86d53b6b61dbb30375447a6fd49e8562f16f0fc0317f7d8cfa99dec89d
netweather: 2025/08/03 16:49:30 Identified library for https://github.githubassets.com/assets/vendors-node_modules_braintree_browser-detection_dist_browser-detection_js-node_modules_githu-bb80ec-34c4b68b1dd3.js as: vendors vgithub-hosted (url-pattern) [checksum: 46c0ce86d53b6b61dbb30375447a6fd49e8562f16f0fc0317f7d8cfa99dec89d]
netweather: 2025/08/03 16:49:30 Processing script https://github.githubassets.com/assets/vendors-node_modules_lit-html_lit-html_js-b93a87060d31.js
netweather: 2025/08/03 16:49:30 Getting checksum and content for https://github.githubassets.com/assets/vendors-node_modules_lit-html_lit-html_js-b93a87060d31.js
netweather: 2025/08/03 16:49:30 Found script: https://github.githubassets.com/assets/vendors-node_modules_lit-html_lit-html_js-b93a87060d31.js, Checksum: d3ca327e947754186e4eafdb3cdcc72955dd2e944eae02fe161e40460798cfd3
netweather: 2025/08/03 16:49:30 Identified library for https://github.githubassets.com/assets/vendors-node_modules_lit-html_lit-html_js-b93a87060d31.js as: vendors vgithub-hosted (url-pattern) [checksum: d3ca327e947754186e4eafdb3cdcc72955dd2e944eae02fe161e40460798cfd3]
netweather: 2025/08/03 16:49:30 Processing script https://github.githubassets.com/assets/vendors-node_modules_morphdom_dist_morphdom-esm_js-300e8e4e0414.js
netweather: 2025/08/03 16:49:30 Getting checksum and content for https://github.githubassets.com/assets/vendors-node_modules_morphdom_dist_morphdom-esm_js-300e8e4e0414.js
netweather: 2025/08/03 16:49:30 Found script: https://github.githubassets.com/assets/vendors-node_modules_morphdom_dist_morphdom-esm_js-300e8e4e0414.js, Checksum: dbe11cb19e95cdc79a0cb2a1fcbeaa88556e271817f6c6df294092eb1ba8076c
netweather: 2025/08/03 16:49:30 Identified library for https://github.githubassets.com/assets/vendors-node_modules_morphdom_dist_morphdom-esm_js-300e8e4e0414.js as: vendors vgithub-hosted (url-pattern) [checksum: dbe11cb19e95cdc79a0cb2a1fcbeaa88556e271817f6c6df294092eb1ba8076c]
netweather: 2025/08/03 16:49:30 Processing script https://github.githubassets.com/assets/vendors-node_modules_github_turbo_dist_turbo_es2017-esm_js-595819d3686f.js
netweather: 2025/08/03 16:49:30 Getting checksum and content for https://github.githubassets.com/assets/vendors-node_modules_github_turbo_dist_turbo_es2017-esm_js-595819d3686f.js
netweather: 2025/08/03 16:49:30 Found script: https://github.githubassets.com/assets/vendors-node_modules_github_turbo_dist_turbo_es2017-esm_js-595819d3686f.js, Checksum: bb7d4b1889085dbabecd2fbe68187ab3342562473fdcf883b50cc34e271c07d8
netweather: 2025/08/03 16:49:30 Identified library for https://github.githubassets.com/assets/vendors-node_modules_github_turbo_dist_turbo_es2017-esm_js-595819d3686f.js as: vendors vgithub-hosted (url-pattern) [checksum: bb7d4b1889085dbabecd2fbe68187ab3342562473fdcf883b50cc34e271c07d8]
netweather: 2025/08/03 16:49:30 Processing script https://github.githubassets.com/assets/vendors-node_modules_github_remote-form_dist_index_js-node_modules_delegated-events_dist_inde-893f9f-5f044d8dcee3.js
netweather: 2025/08/03 16:49:30 Getting checksum and content for https://github.githubassets.com/assets/vendors-node_modules_github_remote-form_dist_index_js-node_modules_delegated-events_dist_inde-893f9f-5f044d8dcee3.js
netweather: 2025/08/03 16:49:30 Found script: https://github.githubassets.com/assets/vendors-node_modules_github_remote-form_dist_index_js-node_modules_delegated-events_dist_inde-893f9f-5f044d8dcee3.js, Checksum: 8bccdd3e72509e2bf588fdba71c31ddda35f623a723fd0fe80a79f7f2c2e4a8d
netweather: 2025/08/03 16:49:30 Identified library for https://github.githubassets.com/assets/vendors-node_modules_github_remote-form_dist_index_js-node_modules_delegated-events_dist_inde-893f9f-5f044d8dcee3.js as: vendors vgithub-hosted (url-pattern) [checksum: 8bccdd3e72509e2bf588fdba71c31ddda35f623a723fd0fe80a79f7f2c2e4a8d]
netweather: 2025/08/03 16:49:30 Processing script https://github.githubassets.com/assets/vendors-node_modules_github_quote-selection_dist_index_js-node_modules_github_session-resume_-c39857-68019bebf97d.js
netweather: 2025/08/03 16:49:30 Getting checksum and content for https://github.githubassets.com/assets/vendors-node_modules_github_quote-selection_dist_index_js-node_modules_github_session-resume_-c39857-68019bebf97d.js
netweather: 2025/08/03 16:49:30 Found script: https://github.githubassets.com/assets/vendors-node_modules_github_quote-selection_dist_index_js-node_modules_github_session-resume_-c39857-68019bebf97d.js, Checksum: dc704d99f232d889f07341e5541cfe2b37e98b24d77df27b01a3c40c53c65e1a
netweather: 2025/08/03 16:49:30 Identified library for https://github.githubassets.com/assets/vendors-node_modules_github_quote-selection_dist_index_js-node_modules_github_session-resume_-c39857-68019bebf97d.js as: vendors vgithub-hosted (url-pattern) [checksum: dc704d99f232d889f07341e5541cfe2b37e98b24d77df27b01a3c40c53c65e1a]
netweather: 2025/08/03 16:49:30 Processing script https://github.githubassets.com/assets/ui_packages_updatable-content_updatable-content_ts-19a9ffc8367b.js
netweather: 2025/08/03 16:49:30 Getting checksum and content for https://github.githubassets.com/assets/ui_packages_updatable-content_updatable-content_ts-19a9ffc8367b.js
netweather: 2025/08/03 16:49:31 Found script: https://github.githubassets.com/assets/ui_packages_updatable-content_updatable-content_ts-19a9ffc8367b.js, Checksum: 626effd7730b56709b28cdee2826f248c60b17f25c80ad72565a08fcc2d10513
netweather: 2025/08/03 16:49:31 Identified library for https://github.githubassets.com/assets/ui_packages_updatable-content_updatable-content_ts-19a9ffc8367b.js as: ui-packages-updatable vgithub-hosted (url-pattern) [checksum: 626effd7730b56709b28cdee2826f248c60b17f25c80ad72565a08fcc2d10513]
netweather: 2025/08/03 16:49:31 Processing script https://github.githubassets.com/assets/app_assets_modules_github_behaviors_task-list_ts-app_assets_modules_github_sso_ts-ui_packages-900dde-f953ddf42948.js
netweather: 2025/08/03 16:49:31 Getting checksum and content for https://github.githubassets.com/assets/app_assets_modules_github_behaviors_task-list_ts-app_assets_modules_github_sso_ts-ui_packages-900dde-f953ddf42948.js
netweather: 2025/08/03 16:49:31 Found script: https://github.githubassets.com/assets/app_assets_modules_github_behaviors_task-list_ts-app_assets_modules_github_sso_ts-ui_packages-900dde-f953ddf42948.js, Checksum: 45d8ddb75331862be9b018dbb50078449e566a845c70ddb86622c57d6d1e1c52
netweather: 2025/08/03 16:49:31 Identified library for https://github.githubassets.com/assets/app_assets_modules_github_behaviors_task-list_ts-app_assets_modules_github_sso_ts-ui_packages-900dde-f953ddf42948.js as: app-assets-modules-github-behaviors-task vgithub-hosted (url-pattern) [checksum: 45d8ddb75331862be9b018dbb50078449e566a845c70ddb86622c57d6d1e1c52]
netweather: 2025/08/03 16:49:31 Processing script https://github.githubassets.com/assets/app_assets_modules_github_sticky-scroll-into-view_ts-c9618dd6662a.js
netweather: 2025/08/03 16:49:31 Getting checksum and content for https://github.githubassets.com/assets/app_assets_modules_github_sticky-scroll-into-view_ts-c9618dd6662a.js
netweather: 2025/08/03 16:49:31 Found script: https://github.githubassets.com/assets/app_assets_modules_github_sticky-scroll-into-view_ts-c9618dd6662a.js, Checksum: e33591d205baecf80f43f5b01839000d515147008ab471bd521d932dfa593574
netweather: 2025/08/03 16:49:31 Identified library for https://github.githubassets.com/assets/app_assets_modules_github_sticky-scroll-into-view_ts-c9618dd6662a.js as: app-assets-modules-github-sticky vgithub-hosted (url-pattern) [checksum: e33591d205baecf80f43f5b01839000d515147008ab471bd521d932dfa593574]
netweather: 2025/08/03 16:49:31 Processing script https://github.githubassets.com/assets/app_assets_modules_github_behaviors_ajax-error_ts-app_assets_modules_github_behaviors_include-d0d0a6-a7da4270c5f4.js
netweather: 2025/08/03 16:49:31 Getting checksum and content for https://github.githubassets.com/assets/app_assets_modules_github_behaviors_ajax-error_ts-app_assets_modules_github_behaviors_include-d0d0a6-a7da4270c5f4.js
netweather: 2025/08/03 16:49:31 Found script: https://github.githubassets.com/assets/app_assets_modules_github_behaviors_ajax-error_ts-app_assets_modules_github_behaviors_include-d0d0a6-a7da4270c5f4.js, Checksum: 57cfd506b7b9e743fab049f562cb9fc96c1484ac5da98a3c7a42b3ba38583139
netweather: 2025/08/03 16:49:31 Identified library for https://github.githubassets.com/assets/app_assets_modules_github_behaviors_ajax-error_ts-app_assets_modules_github_behaviors_include-d0d0a6-a7da4270c5f4.js as: app-assets-modules-github-behaviors-ajax vgithub-hosted (url-pattern) [checksum: 57cfd506b7b9e743fab049f562cb9fc96c1484ac5da98a3c7a42b3ba38583139]
netweather: 2025/08/03 16:49:31 Processing script https://github.githubassets.com/assets/app_assets_modules_github_behaviors_commenting_edit_ts-app_assets_modules_github_behaviors_ht-83c235-567e0f340e27.js
netweather: 2025/08/03 16:49:31 Getting checksum and content for https://github.githubassets.com/assets/app_assets_modules_github_behaviors_commenting_edit_ts-app_assets_modules_github_behaviors_ht-83c235-567e0f340e27.js
netweather: 2025/08/03 16:49:31 Found script: https://github.githubassets.com/assets/app_assets_modules_github_behaviors_commenting_edit_ts-app_assets_modules_github_behaviors_ht-83c235-567e0f340e27.js, Checksum: 650f90068c976b2b8e9a0430ada4a7bb5f19b256a533fd315014a7345c862f4f
netweather: 2025/08/03 16:49:31 Identified library for https://github.githubassets.com/assets/app_assets_modules_github_behaviors_commenting_edit_ts-app_assets_modules_github_behaviors_ht-83c235-567e0f340e27.js as: app-assets-modules-github-behaviors-commenting-edit-ts vgithub-hosted (url-pattern) [checksum: 650f90068c976b2b8e9a0430ada4a7bb5f19b256a533fd315014a7345c862f4f]
netweather: 2025/08/03 16:49:31 Processing script https://github.githubassets.com/assets/behaviors-625d7495b728.js
netweather: 2025/08/03 16:49:31 Getting checksum and content for https://github.githubassets.com/assets/behaviors-625d7495b728.js
netweather: 2025/08/03 16:49:31 Found script: https://github.githubassets.com/assets/behaviors-625d7495b728.js, Checksum: 1fd9475c2bdb3eff4b1e1ce8697d8ae3d9af211da5c2445ac4402b875ef9d484
netweather: 2025/08/03 16:49:31 Identified library for https://github.githubassets.com/assets/behaviors-625d7495b728.js as: behaviors vgithub-hosted (url-pattern) [checksum: 1fd9475c2bdb3eff4b1e1ce8697d8ae3d9af211da5c2445ac4402b875ef9d484]
netweather: 2025/08/03 16:49:31 Processing script https://github.githubassets.com/assets/vendors-node_modules_delegated-events_dist_index_js-node_modules_github_catalyst_lib_index_js-ea8eaa-a4bd0b8e9717.js
netweather: 2025/08/03 16:49:31 Getting checksum and content for https://github.githubassets.com/assets/vendors-node_modules_delegated-events_dist_index_js-node_modules_github_catalyst_lib_index_js-ea8eaa-a4bd0b8e9717.js
netweather: 2025/08/03 16:49:31 Found script: https://github.githubassets.com/assets/vendors-node_modules_delegated-events_dist_index_js-node_modules_github_catalyst_lib_index_js-ea8eaa-a4bd0b8e9717.js, Checksum: 49f2a5c9fd88a686533b53117650e41c2e200d8d0e481d9be20fb2da826668ae
netweather: 2025/08/03 16:49:31 Identified library for https://github.githubassets.com/assets/vendors-node_modules_delegated-events_dist_index_js-node_modules_github_catalyst_lib_index_js-ea8eaa-a4bd0b8e9717.js as: vendors vgithub-hosted (url-pattern) [checksum: 49f2a5c9fd88a686533b53117650e41c2e200d8d0e481d9be20fb2da826668ae]
netweather: 2025/08/03 16:49:31 Processing script https://github.githubassets.com/assets/notifications-global-ddd47578369b.js
netweather: 2025/08/03 16:49:31 Getting checksum and content for https://github.githubassets.com/assets/notifications-global-ddd47578369b.js
netweather: 2025/08/03 16:49:31 Found script: https://github.githubassets.com/assets/notifications-global-ddd47578369b.js, Checksum: f90d01c791bc64b7ccd87fa2ffdeca2f58ae84ae2a47983804ef21f5527e75cd
netweather: 2025/08/03 16:49:31 Identified library for https://github.githubassets.com/assets/notifications-global-ddd47578369b.js as: notifications vgithub-hosted (url-pattern) [checksum: f90d01c791bc64b7ccd87fa2ffdeca2f58ae84ae2a47983804ef21f5527e75cd]
netweather: 2025/08/03 16:49:31 Processing script https://github.githubassets.com/assets/vendors-node_modules_delegated-events_dist_index_js-node_modules_github_catalyst_lib_index_js-b4a243-2964dff76e5b.js
netweather: 2025/08/03 16:49:31 Getting checksum and content for https://github.githubassets.com/assets/vendors-node_modules_delegated-events_dist_index_js-node_modules_github_catalyst_lib_index_js-b4a243-2964dff76e5b.js
netweather: 2025/08/03 16:49:31 Found script: https://github.githubassets.com/assets/vendors-node_modules_delegated-events_dist_index_js-node_modules_github_catalyst_lib_index_js-b4a243-2964dff76e5b.js, Checksum: 8ad68cc586324cae799ab45759f09071f9c91bba8b18e3db4ad01ffeb76e0d9d
netweather: 2025/08/03 16:49:31 Identified library for https://github.githubassets.com/assets/vendors-node_modules_delegated-events_dist_index_js-node_modules_github_catalyst_lib_index_js-b4a243-2964dff76e5b.js as: vendors vgithub-hosted (url-pattern) [checksum: 8ad68cc586324cae799ab45759f09071f9c91bba8b18e3db4ad01ffeb76e0d9d]
netweather: 2025/08/03 16:49:31 Processing script https://github.githubassets.com/assets/marketing-essentials-9bb34a603411.js
netweather: 2025/08/03 16:49:31 Getting checksum and content for https://github.githubassets.com/assets/marketing-essentials-9bb34a603411.js
netweather: 2025/08/03 16:49:31 Found script: https://github.githubassets.com/assets/marketing-essentials-9bb34a603411.js, Checksum: 4085b4d95993b45cb33e9a715c6210682430aecf2263bcf9b7cf9cf84b172246
netweather: 2025/08/03 16:49:31 Identified library for https://github.githubassets.com/assets/marketing-essentials-9bb34a603411.js as: marketing vgithub-hosted (url-pattern) [checksum: 4085b4d95993b45cb33e9a715c6210682430aecf2263bcf9b7cf9cf84b172246]
netweather: 2025/08/03 16:49:31 Processing script https://github.githubassets.com/assets/primer-react-e3f517d7be60.js
netweather: 2025/08/03 16:49:31 Getting checksum and content for https://github.githubassets.com/assets/primer-react-e3f517d7be60.js
netweather: 2025/08/03 16:49:31 Found script: https://github.githubassets.com/assets/primer-react-e3f517d7be60.js, Checksum: eebbe9d870918bb0c6861937b85db0075e474b6ef1728e4402b8de9e68fa3495
netweather: 2025/08/03 16:49:31 Identified library for https://github.githubassets.com/assets/primer-react-e3f517d7be60.js as: primer vgithub-hosted (url-pattern) [checksum: eebbe9d870918bb0c6861937b85db0075e474b6ef1728e4402b8de9e68fa3495]
netweather: 2025/08/03 16:49:31 Processing script https://github.githubassets.com/assets/react-core-da8e42da9f7f.js
netweather: 2025/08/03 16:49:31 Getting checksum and content for https://github.githubassets.com/assets/react-core-da8e42da9f7f.js
netweather: 2025/08/03 16:49:31 Found script: https://github.githubassets.com/assets/react-core-da8e42da9f7f.js, Checksum: c562091cce5e06e6f0e8cf2743db82bcdf1838234fcf216cd4ae4cda5003c192
netweather: 2025/08/03 16:49:31 Identified library for https://github.githubassets.com/assets/react-core-da8e42da9f7f.js as: react vgithub-hosted (url-pattern) [checksum: c562091cce5e06e6f0e8cf2743db82bcdf1838234fcf216cd4ae4cda5003c192]
netweather: 2025/08/03 16:49:31 Processing script https://github.githubassets.com/assets/react-lib-8705026b409a.js
netweather: 2025/08/03 16:49:31 Getting checksum and content for https://github.githubassets.com/assets/react-lib-8705026b409a.js
netweather: 2025/08/03 16:49:31 Found script: https://github.githubassets.com/assets/react-lib-8705026b409a.js, Checksum: 6126934f5bcfdde9e66b6c134b53fa32e83a904b6a8285c5f188003068d73e57
netweather: 2025/08/03 16:49:31 Identified library for https://github.githubassets.com/assets/react-lib-8705026b409a.js as: react vgithub-hosted (url-pattern) [checksum: 6126934f5bcfdde9e66b6c134b53fa32e83a904b6a8285c5f188003068d73e57]
netweather: 2025/08/03 16:49:31 Processing script https://github.githubassets.com/assets/octicons-react-d5df7319196a.js
netweather: 2025/08/03 16:49:31 Getting checksum and content for https://github.githubassets.com/assets/octicons-react-d5df7319196a.js
netweather: 2025/08/03 16:49:31 Found script: https://github.githubassets.com/assets/octicons-react-d5df7319196a.js, Checksum: f8206123babe140d42796e6c1142532802a3571442721718879e33b171ca73d3
netweather: 2025/08/03 16:49:31 Identified library for https://github.githubassets.com/assets/octicons-react-d5df7319196a.js as: octicons vgithub-hosted (url-pattern) [checksum: f8206123babe140d42796e6c1142532802a3571442721718879e33b171ca73d3]
netweather: 2025/08/03 16:49:31 Processing script https://github.githubassets.com/assets/vendors-node_modules_emotion_is-prop-valid_dist_emotion-is-prop-valid_esm_js-node_modules_emo-1fff13-e90c4f4db816.js
netweather: 2025/08/03 16:49:31 Getting checksum and content for https://github.githubassets.com/assets/vendors-node_modules_emotion_is-prop-valid_dist_emotion-is-prop-valid_esm_js-node_modules_emo-1fff13-e90c4f4db816.js
netweather: 2025/08/03 16:49:31 Found script: https://github.githubassets.com/assets/vendors-node_modules_emotion_is-prop-valid_dist_emotion-is-prop-valid_esm_js-node_modules_emo-1fff13-e90c4f4db816.js, Checksum: 94ddbb692507782061d5dff736ae2f068d4671a256ddea677915fb8d4d254f3a
netweather: 2025/08/03 16:49:31 Identified library for https://github.githubassets.com/assets/vendors-node_modules_emotion_is-prop-valid_dist_emotion-is-prop-valid_esm_js-node_modules_emo-1fff13-e90c4f4db816.js as: vendors vgithub-hosted (url-pattern) [checksum: 94ddbb692507782061d5dff736ae2f068d4671a256ddea677915fb8d4d254f3a]
netweather: 2025/08/03 16:49:31 Processing script https://github.githubassets.com/assets/vendors-node_modules_tanstack_query-core_build_modern_queryClient_js-f747879a83cf.js
netweather: 2025/08/03 16:49:31 Getting checksum and content for https://github.githubassets.com/assets/vendors-node_modules_tanstack_query-core_build_modern_queryClient_js-f747879a83cf.js
netweather: 2025/08/03 16:49:31 Found script: https://github.githubassets.com/assets/vendors-node_modules_tanstack_query-core_build_modern_queryClient_js-f747879a83cf.js, Checksum: 14b9cb85a37113505bf8b046d8f774a4c0c87aa285d84d4df3609d63215b7762
netweather: 2025/08/03 16:49:31 Identified library for https://github.githubassets.com/assets/vendors-node_modules_tanstack_query-core_build_modern_queryClient_js-f747879a83cf.js as: vendors vgithub-hosted (url-pattern) [checksum: 14b9cb85a37113505bf8b046d8f774a4c0c87aa285d84d4df3609d63215b7762]
netweather: 2025/08/03 16:49:31 Processing script https://github.githubassets.com/assets/vendors-node_modules_primer_react-brand_lib_index_js-node_modules_tanstack_react-query_build_-e33ff5-2edae7a63d66.js
netweather: 2025/08/03 16:49:31 Getting checksum and content for https://github.githubassets.com/assets/vendors-node_modules_primer_react-brand_lib_index_js-node_modules_tanstack_react-query_build_-e33ff5-2edae7a63d66.js
netweather: 2025/08/03 16:49:31 Found script: https://github.githubassets.com/assets/vendors-node_modules_primer_react-brand_lib_index_js-node_modules_tanstack_react-query_build_-e33ff5-2edae7a63d66.js, Checksum: 96c21d1ab5f06aa0a713228fd4bc820e5c03a5d0ffa795a62c047cbf4b274944
netweather: 2025/08/03 16:49:31 Identified library for https://github.githubassets.com/assets/vendors-node_modules_primer_react-brand_lib_index_js-node_modules_tanstack_react-query_build_-e33ff5-2edae7a63d66.js as: vendors vgithub-hosted (url-pattern) [checksum: 96c21d1ab5f06aa0a713228fd4bc820e5c03a5d0ffa795a62c047cbf4b274944]
netweather: 2025/08/03 16:49:31 Processing script https://github.githubassets.com/assets/vendors-node_modules_contentful_rich-text-react-renderer_dist_rich-text-react-renderer_es5_js-c2ce80-8c9e228abe14.js
netweather: 2025/08/03 16:49:31 Getting checksum and content for https://github.githubassets.com/assets/vendors-node_modules_contentful_rich-text-react-renderer_dist_rich-text-react-renderer_es5_js-c2ce80-8c9e228abe14.js
netweather: 2025/08/03 16:49:31 Found script: https://github.githubassets.com/assets/vendors-node_modules_contentful_rich-text-react-renderer_dist_rich-text-react-renderer_es5_js-c2ce80-8c9e228abe14.js, Checksum: 80d50eae1e6d7e4e4bcf3d6c98a490336345cffc59c691c3fbe082de31a0a54e
netweather: 2025/08/03 16:49:31 Identified library for https://github.githubassets.com/assets/vendors-node_modules_contentful_rich-text-react-renderer_dist_rich-text-react-renderer_es5_js-c2ce80-8c9e228abe14.js as: vendors vgithub-hosted (url-pattern) [checksum: 80d50eae1e6d7e4e4bcf3d6c98a490336345cffc59c691c3fbe082de31a0a54e]
netweather: 2025/08/03 16:49:31 Processing script https://github.githubassets.com/assets/vendors-node_modules_three_build_three_module_js-ba3dc21dd568.js
netweather: 2025/08/03 16:49:31 Getting checksum and content for https://github.githubassets.com/assets/vendors-node_modules_three_build_three_module_js-ba3dc21dd568.js
netweather: 2025/08/03 16:49:31 Found script: https://github.githubassets.com/assets/vendors-node_modules_three_build_three_module_js-ba3dc21dd568.js, Checksum: c73bf8ac2c7959868d9ea580f2c16371a184abeb9c6520fafd9159eb88bd2a66
netweather: 2025/08/03 16:49:31 Identified library for https://github.githubassets.com/assets/vendors-node_modules_three_build_three_module_js-ba3dc21dd568.js as: vendors vgithub-hosted (url-pattern) [checksum: c73bf8ac2c7959868d9ea580f2c16371a184abeb9c6520fafd9159eb88bd2a66]
netweather: 2025/08/03 16:49:31 Processing script https://github.githubassets.com/assets/vendors-node_modules_github_catalyst_lib_index_js-node_modules_tanstack_react-query_build_mod-5b92c5-83612f7bdbf0.js
netweather: 2025/08/03 16:49:31 Getting checksum and content for https://github.githubassets.com/assets/vendors-node_modules_github_catalyst_lib_index_js-node_modules_tanstack_react-query_build_mod-5b92c5-83612f7bdbf0.js
netweather: 2025/08/03 16:49:31 Found script: https://github.githubassets.com/assets/vendors-node_modules_github_catalyst_lib_index_js-node_modules_tanstack_react-query_build_mod-5b92c5-83612f7bdbf0.js, Checksum: 78e5764de934c1228f053df72bf6d600ae5097b1756881a4b67a3aa09a549aed
netweather: 2025/08/03 16:49:31 Identified library for https://github.githubassets.com/assets/vendors-node_modules_github_catalyst_lib_index_js-node_modules_tanstack_react-query_build_mod-5b92c5-83612f7bdbf0.js as: vendors vgithub-hosted (url-pattern) [checksum: 78e5764de934c1228f053df72bf6d600ae5097b1756881a4b67a3aa09a549aed]
netweather: 2025/08/03 16:49:31 Processing script https://github.githubassets.com/assets/vendors-node_modules_three_examples_jsm_loaders_GLTFLoader_js-400b42ac75b8.js
netweather: 2025/08/03 16:49:31 Getting checksum and content for https://github.githubassets.com/assets/vendors-node_modules_three_examples_jsm_loaders_GLTFLoader_js-400b42ac75b8.js
netweather: 2025/08/03 16:49:31 Found script: https://github.githubassets.com/assets/vendors-node_modules_three_examples_jsm_loaders_GLTFLoader_js-400b42ac75b8.js, Checksum: afa324b09f728db86abaf33129d91b72f68a60a623db55f427e1b479f18bcb2a
netweather: 2025/08/03 16:49:31 Identified library for https://github.githubassets.com/assets/vendors-node_modules_three_examples_jsm_loaders_GLTFLoader_js-400b42ac75b8.js as: vendors vgithub-hosted (url-pattern) [checksum: afa324b09f728db86abaf33129d91b72f68a60a623db55f427e1b479f18bcb2a]
netweather: 2025/08/03 16:49:31 Processing script https://github.githubassets.com/assets/vendors-node_modules_contentful-resolve-response_dist_esm_index_js-bc52d7b549a3.js
netweather: 2025/08/03 16:49:31 Getting checksum and content for https://github.githubassets.com/assets/vendors-node_modules_contentful-resolve-response_dist_esm_index_js-bc52d7b549a3.js
netweather: 2025/08/03 16:49:31 Found script: https://github.githubassets.com/assets/vendors-node_modules_contentful-resolve-response_dist_esm_index_js-bc52d7b549a3.js, Checksum: ff3d0c4f90d4f045d87dd7fafe93e1e3f5ebe5c063918f662eb6ebfc2d5c7a94
netweather: 2025/08/03 16:49:31 Identified library for https://github.githubassets.com/assets/vendors-node_modules_contentful-resolve-response_dist_esm_index_js-bc52d7b549a3.js as: vendors vgithub-hosted (url-pattern) [checksum: ff3d0c4f90d4f045d87dd7fafe93e1e3f5ebe5c063918f662eb6ebfc2d5c7a94]
netweather: 2025/08/03 16:49:31 Processing script https://github.githubassets.com/assets/vendors-node_modules_contentful_rich-text-html-renderer_dist_rich-text-html-renderer_es5_js-n-377349-ce2fc88bd03b.js
netweather: 2025/08/03 16:49:31 Getting checksum and content for https://github.githubassets.com/assets/vendors-node_modules_contentful_rich-text-html-renderer_dist_rich-text-html-renderer_es5_js-n-377349-ce2fc88bd03b.js
netweather: 2025/08/03 16:49:31 Found script: https://github.githubassets.com/assets/vendors-node_modules_contentful_rich-text-html-renderer_dist_rich-text-html-renderer_es5_js-n-377349-ce2fc88bd03b.js, Checksum: dccd383bdae1900ec94dde84dcdeb341ef36208fe4e78b52668c93a64b73d280
netweather: 2025/08/03 16:49:31 Identified library for https://github.githubassets.com/assets/vendors-node_modules_contentful_rich-text-html-renderer_dist_rich-text-html-renderer_es5_js-n-377349-ce2fc88bd03b.js as: vendors vgithub-hosted (url-pattern) [checksum: dccd383bdae1900ec94dde84dcdeb341ef36208fe4e78b52668c93a64b73d280]
netweather: 2025/08/03 16:49:31 Processing script https://github.githubassets.com/assets/ui_packages_paths_index_ts-02903aca93fb.js
netweather: 2025/08/03 16:49:31 Getting checksum and content for https://github.githubassets.com/assets/ui_packages_paths_index_ts-02903aca93fb.js
netweather: 2025/08/03 16:49:31 Found script: https://github.githubassets.com/assets/ui_packages_paths_index_ts-02903aca93fb.js, Checksum: 11c7c709a4580033b588d5dc9ebda8c76d2865aed2c29e55ca3e440b1b5e2e2c
netweather: 2025/08/03 16:49:31 Identified library for https://github.githubassets.com/assets/ui_packages_paths_index_ts-02903aca93fb.js as: ui-packages-paths-index-ts vgithub-hosted (url-pattern) [checksum: 11c7c709a4580033b588d5dc9ebda8c76d2865aed2c29e55ca3e440b1b5e2e2c]
netweather: 2025/08/03 16:49:31 Processing script https://github.githubassets.com/assets/ui_packages_document-metadata_document-metadata_ts-ui_packages_fetch-headers_fetch-headers_ts-57e0e0-bed68ec00644.js
netweather: 2025/08/03 16:49:31 Getting checksum and content for https://github.githubassets.com/assets/ui_packages_document-metadata_document-metadata_ts-ui_packages_fetch-headers_fetch-headers_ts-57e0e0-bed68ec00644.js
netweather: 2025/08/03 16:49:31 Found script: https://github.githubassets.com/assets/ui_packages_document-metadata_document-metadata_ts-ui_packages_fetch-headers_fetch-headers_ts-57e0e0-bed68ec00644.js, Checksum: 8cc54dcc74ea09ac06179f29c09641ac0dfee84a8bb220e9013ed18fd3b6d0e0
netweather: 2025/08/03 16:49:31 Identified library for https://github.githubassets.com/assets/ui_packages_document-metadata_document-metadata_ts-ui_packages_fetch-headers_fetch-headers_ts-57e0e0-bed68ec00644.js as: ui-packages-document vgithub-hosted (url-pattern) [checksum: 8cc54dcc74ea09ac06179f29c09641ac0dfee84a8bb220e9013ed18fd3b6d0e0]
netweather: 2025/08/03 16:49:31 Processing script https://github.githubassets.com/assets/ui_packages_cookie-consent_cookie-consent_ts-e538a43e3650.js
netweather: 2025/08/03 16:49:31 Getting checksum and content for https://github.githubassets.com/assets/ui_packages_cookie-consent_cookie-consent_ts-e538a43e3650.js
netweather: 2025/08/03 16:49:31 Found script: https://github.githubassets.com/assets/ui_packages_cookie-consent_cookie-consent_ts-e538a43e3650.js, Checksum: c92a484b4daeb0b1ca46d470f882d167b46a9a3eae86065b116b39637b475d9c
netweather: 2025/08/03 16:49:31 Identified library for https://github.githubassets.com/assets/ui_packages_cookie-consent_cookie-consent_ts-e538a43e3650.js as: ui-packages-cookie vgithub-hosted (url-pattern) [checksum: c92a484b4daeb0b1ca46d470f882d167b46a9a3eae86065b116b39637b475d9c]
netweather: 2025/08/03 16:49:31 Processing script https://github.githubassets.com/assets/ui_packages_microsoft-analytics_microsoft-analytics_ts-faf7240ff027.js
netweather: 2025/08/03 16:49:31 Getting checksum and content for https://github.githubassets.com/assets/ui_packages_microsoft-analytics_microsoft-analytics_ts-faf7240ff027.js
netweather: 2025/08/03 16:49:31 Found script: https://github.githubassets.com/assets/ui_packages_microsoft-analytics_microsoft-analytics_ts-faf7240ff027.js, Checksum: 911d4c1b1f6bed481e68b052e626435978b0ff0ce432f7e389525f82b7ae52ea
netweather: 2025/08/03 16:49:31 Identified library for https://github.githubassets.com/assets/ui_packages_microsoft-analytics_microsoft-analytics_ts-faf7240ff027.js as: ui-packages-microsoft vgithub-hosted (url-pattern) [checksum: 911d4c1b1f6bed481e68b052e626435978b0ff0ce432f7e389525f82b7ae52ea]
netweather: 2025/08/03 16:49:31 Processing script https://github.githubassets.com/assets/ui_packages_app-uuid_app-uuid_ts-ui_packages_swp-core_schemas_contentful_contentTypes_contain-8c3780-57054093cc94.js
netweather: 2025/08/03 16:49:31 Getting checksum and content for https://github.githubassets.com/assets/ui_packages_app-uuid_app-uuid_ts-ui_packages_swp-core_schemas_contentful_contentTypes_contain-8c3780-57054093cc94.js
netweather: 2025/08/03 16:49:31 Found script: https://github.githubassets.com/assets/ui_packages_app-uuid_app-uuid_ts-ui_packages_swp-core_schemas_contentful_contentTypes_contain-8c3780-57054093cc94.js, Checksum: 258990aaaa7de1123788c3089baaff6b510a9b46d13ec8a233fa8c8960826aad
netweather: 2025/08/03 16:49:31 Identified library for https://github.githubassets.com/assets/ui_packages_app-uuid_app-uuid_ts-ui_packages_swp-core_schemas_contentful_contentTypes_contain-8c3780-57054093cc94.js as: ui-packages-app vgithub-hosted (url-pattern) [checksum: 258990aaaa7de1123788c3089baaff6b510a9b46d13ec8a233fa8c8960826aad]
netweather: 2025/08/03 16:49:31 Processing script https://github.githubassets.com/assets/ui_packages_swp-core_schemas_contentful_contentTypes_featuredBento_ts-ui_packages_swp-core_sc-b323fd-ff489d9fa913.js
netweather: 2025/08/03 16:49:31 Getting checksum and content for https://github.githubassets.com/assets/ui_packages_swp-core_schemas_contentful_contentTypes_featuredBento_ts-ui_packages_swp-core_sc-b323fd-ff489d9fa913.js
netweather: 2025/08/03 16:49:31 Found script: https://github.githubassets.com/assets/ui_packages_swp-core_schemas_contentful_contentTypes_featuredBento_ts-ui_packages_swp-core_sc-b323fd-ff489d9fa913.js, Checksum: cef7d581ab9f72bb019e28c4662cc3de83dd9dd762cede6128c111e3c0f54f43
netweather: 2025/08/03 16:49:31 Identified library for https://github.githubassets.com/assets/ui_packages_swp-core_schemas_contentful_contentTypes_featuredBento_ts-ui_packages_swp-core_sc-b323fd-ff489d9fa913.js as: ui-packages-swp vgithub-hosted (url-pattern) [checksum: cef7d581ab9f72bb019e28c4662cc3de83dd9dd762cede6128c111e3c0f54f43]
netweather: 2025/08/03 16:49:31 Processing script https://github.githubassets.com/assets/ui_packages_swp-core_schemas_contentful_contentTypes_form_ts-ui_packages_swp-core_schemas_con-0df440-2f16870e4f7d.js
netweather: 2025/08/03 16:49:31 Getting checksum and content for https://github.githubassets.com/assets/ui_packages_swp-core_schemas_contentful_contentTypes_form_ts-ui_packages_swp-core_schemas_con-0df440-2f16870e4f7d.js
netweather: 2025/08/03 16:49:31 Found script: https://github.githubassets.com/assets/ui_packages_swp-core_schemas_contentful_contentTypes_form_ts-ui_packages_swp-core_schemas_con-0df440-2f16870e4f7d.js, Checksum: 2d86091a9ec24105e64f6fd39524f45b7e7e2811c4b155b8c486fb3009568a8d
netweather: 2025/08/03 16:49:31 Identified library for https://github.githubassets.com/assets/ui_packages_swp-core_schemas_contentful_contentTypes_form_ts-ui_packages_swp-core_schemas_con-0df440-2f16870e4f7d.js as: ui-packages-swp vgithub-hosted (url-pattern) [checksum: 2d86091a9ec24105e64f6fd39524f45b7e7e2811c4b155b8c486fb3009568a8d]
netweather: 2025/08/03 16:49:31 Processing script https://github.githubassets.com/assets/landing-pages-cfed3ef88551.js
netweather: 2025/08/03 16:49:31 Getting checksum and content for https://github.githubassets.com/assets/landing-pages-cfed3ef88551.js
netweather: 2025/08/03 16:49:31 Found script: https://github.githubassets.com/assets/landing-pages-cfed3ef88551.js, Checksum: 2f5c2b2c7a1030e22402ea08e69484a8a96914856453d564bd0740d3e8394b25
netweather: 2025/08/03 16:49:31 Identified library for https://github.githubassets.com/assets/landing-pages-cfed3ef88551.js as: landing vgithub-hosted (url-pattern) [checksum: 2f5c2b2c7a1030e22402ea08e69484a8a96914856453d564bd0740d3e8394b25]
netweather: 2025/08/03 16:49:31 Processing script https://github.githubassets.com/assets/global-banner-disable-59fed23c5fc1.js
netweather: 2025/08/03 16:49:31 Getting checksum and content for https://github.githubassets.com/assets/global-banner-disable-59fed23c5fc1.js
netweather: 2025/08/03 16:49:31 Found script: https://github.githubassets.com/assets/global-banner-disable-59fed23c5fc1.js, Checksum: 6a5ba185f48ad7847c3287dcd2aa674649ede74c5aff2fc43449fb66a6a59841
netweather: 2025/08/03 16:49:31 Identified library for https://github.githubassets.com/assets/global-banner-disable-59fed23c5fc1.js as: global vgithub-hosted (url-pattern) [checksum: 6a5ba185f48ad7847c3287dcd2aa674649ede74c5aff2fc43449fb66a6a59841]
netweather: 2025/08/03 16:49:31 Processing script https://github.githubassets.com/assets/vendors-node_modules_gsap_index_js-028cb2a18f5a.js
netweather: 2025/08/03 16:49:31 Getting checksum and content for https://github.githubassets.com/assets/vendors-node_modules_gsap_index_js-028cb2a18f5a.js
netweather: 2025/08/03 16:49:31 Found script: https://github.githubassets.com/assets/vendors-node_modules_gsap_index_js-028cb2a18f5a.js, Checksum: 10514b8d6e31e4963915dfa15d7baeeec0c80906072bbd3ea4571b791b653ed3
netweather: 2025/08/03 16:49:31 Identified library for https://github.githubassets.com/assets/vendors-node_modules_gsap_index_js-028cb2a18f5a.js as: vendors vgithub-hosted (url-pattern) [checksum: 10514b8d6e31e4963915dfa15d7baeeec0c80906072bbd3ea4571b791b653ed3]
netweather: 2025/08/03 16:49:31 Processing script https://github.githubassets.com/assets/vendors-node_modules_github_remote-form_dist_index_js-node_modules_delegated-events_dist_inde-94fd67-9a914372b013.js
netweather: 2025/08/03 16:49:31 Getting checksum and content for https://github.githubassets.com/assets/vendors-node_modules_github_remote-form_dist_index_js-node_modules_delegated-events_dist_inde-94fd67-9a914372b013.js
netweather: 2025/08/03 16:49:31 Found script: https://github.githubassets.com/assets/vendors-node_modules_github_remote-form_dist_index_js-node_modules_delegated-events_dist_inde-94fd67-9a914372b013.js, Checksum: cba1eb420d80810607469c56b3c8674109ed8fd89eef40e1cee68c7dde39a79a
netweather: 2025/08/03 16:49:31 Identified library for https://github.githubassets.com/assets/vendors-node_modules_github_remote-form_dist_index_js-node_modules_delegated-events_dist_inde-94fd67-9a914372b013.js as: vendors vgithub-hosted (url-pattern) [checksum: cba1eb420d80810607469c56b3c8674109ed8fd89eef40e1cee68c7dde39a79a]
netweather: 2025/08/03 16:49:31 Processing script https://github.githubassets.com/assets/sessions-5e9442c22f33.js
netweather: 2025/08/03 16:49:31 Getting checksum and content for https://github.githubassets.com/assets/sessions-5e9442c22f33.js
netweather: 2025/08/03 16:49:31 Found script: https://github.githubassets.com/assets/sessions-5e9442c22f33.js, Checksum: 8a99894a0f709f23e99fc0c9bba58b83eb8314f5164e426e3a12d4341b6647af
netweather: 2025/08/03 16:49:31 Identified library for https://github.githubassets.com/assets/sessions-5e9442c22f33.js as: sessions vgithub-hosted (url-pattern) [checksum: 8a99894a0f709f23e99fc0c9bba58b83eb8314f5164e426e3a12d4341b6647af]
netweather: 2025/08/03 16:49:31 Scanning URL: 
netweather: 2025/08/03 16:49:31 Fetching URL 
netweather: 2025/08/03 16:49:31 Error fetching URL : Get "": unsupported protocol scheme ""
netweather: 2025/08/03 16:49:31 Application finished
